<?xml version="1.0" encoding="UTF-8"?>
<testng-results ignored="0" total="1" passed="1" failed="0" skipped="0">
  <reporter-output>
  </reporter-output>
  <suite started-at="2026-03-21T20:10:00 IST" name="Suite" finished-at="2026-03-21T20:10:16 IST" duration-ms="16624">
    <groups>
    </groups>
    <test started-at="2026-03-21T20:10:00 IST" name="Test" finished-at="2026-03-21T20:10:16 IST" duration-ms="16624">
      <class name="com.lambdatest.TestNGTodo1">
        <test-method is-config="true" signature="setup(java.lang.reflect.Method,org.testng.ITestContext)[pri:0, instance:com.lambdatest.TestNGTodo1@3e694b3f]" started-at="2026-03-21T20:10:00 IST" name="setup" finished-at="2026-03-21T20:10:11 IST" duration-ms="11000" status="PASS">
          <params>
            <param index="0">
              <value>
                <![CDATA[public void com.lambdatest.TestNGTodo1.basicTest() throws java.lang.InterruptedException]]>
              </value>
            </param>
            <param index="1">
              <value>
                <![CDATA[org.testng.TestRunner@53aad5d5]]>
              </value>
            </param>
          </params>
          <reporter-output>
          </reporter-output>
        </test-method> <!-- setup -->
        <test-method signature="basicTest()[pri:0, instance:com.lambdatest.TestNGTodo1@3e694b3f]" started-at="2026-03-21T20:10:11 IST" name="basicTest" finished-at="2026-03-21T20:10:15 IST" duration-ms="3637" status="PASS">
          <reporter-output>
          </reporter-output>
        </test-method> <!-- basicTest -->
        <test-method is-config="true" signature="tearDown()[pri:0, instance:com.lambdatest.TestNGTodo1@3e694b3f]" started-at="2026-03-21T20:10:15 IST" name="tearDown" finished-at="2026-03-21T20:10:16 IST" duration-ms="1898" status="PASS">
          <reporter-output>
          </reporter-output>
        </test-method> <!-- tearDown -->
      </class> <!-- com.lambdatest.TestNGTodo1 -->
    </test> <!-- Test -->
  </suite> <!-- Suite -->
</testng-results>
