<?xml version="1.0" encoding="UTF-8"?>
<testng-results ignored="0" total="2" passed="2" failed="0" skipped="0">
  <reporter-output>
  </reporter-output>
  <suite started-at="2026-03-21T22:50:40 IST" name="Suite" finished-at="2026-03-21T22:51:16 IST" duration-ms="36001">
    <groups>
    </groups>
    <test started-at="2026-03-21T22:50:40 IST" name="Test" finished-at="2026-03-21T22:51:16 IST" duration-ms="36001">
      <class name="com.lambdatest.TestNGTodo1">
        <test-method is-config="true" signature="setup(java.lang.reflect.Method,org.testng.ITestContext)[pri:0, instance:com.lambdatest.TestNGTodo1@397fbdb]" started-at="2026-03-21T22:50:40 IST" name="setup" finished-at="2026-03-21T22:50:48 IST" duration-ms="8282" status="PASS">
          <params>
            <param index="0">
              <value>
                <![CDATA[public void com.lambdatest.TestNGTodo1.basicTest() throws java.lang.InterruptedException]]>
              </value>
            </param>
            <param index="1">
              <value>
                <![CDATA[org.testng.TestRunner@524d6d96]]>
              </value>
            </param>
          </params>
          <reporter-output>
          </reporter-output>
        </test-method> <!-- setup -->
        <test-method signature="basicTest()[pri:0, instance:com.lambdatest.TestNGTodo1@397fbdb]" started-at="2026-03-21T22:50:48 IST" name="basicTest" finished-at="2026-03-21T22:50:52 IST" duration-ms="4140" status="PASS">
          <reporter-output>
          </reporter-output>
        </test-method> <!-- basicTest -->
        <test-method is-config="true" signature="tearDown()[pri:0, instance:com.lambdatest.TestNGTodo1@397fbdb]" started-at="2026-03-21T22:50:52 IST" name="tearDown" finished-at="2026-03-21T22:50:54 IST" duration-ms="1855" status="PASS">
          <reporter-output>
          </reporter-output>
        </test-method> <!-- tearDown -->
      </class> <!-- com.lambdatest.TestNGTodo1 -->
      <class name="com.lambdatest.TestNGTodo2">
        <test-method is-config="true" signature="setup(java.lang.reflect.Method,org.testng.ITestContext)[pri:0, instance:com.lambdatest.TestNGTodo2@217ed35e]" started-at="2026-03-21T22:50:54 IST" name="setup" finished-at="2026-03-21T22:51:00 IST" duration-ms="6115" status="PASS">
          <params>
            <param index="0">
              <value>
                <![CDATA[public void com.lambdatest.TestNGTodo2.basicTest() throws java.lang.InterruptedException]]>
              </value>
            </param>
            <param index="1">
              <value>
                <![CDATA[org.testng.TestRunner@524d6d96]]>
              </value>
            </param>
          </params>
          <reporter-output>
          </reporter-output>
        </test-method> <!-- setup -->
        <test-method signature="basicTest()[pri:0, instance:com.lambdatest.TestNGTodo2@217ed35e]" started-at="2026-03-21T22:51:00 IST" name="basicTest" finished-at="2026-03-21T22:51:14 IST" duration-ms="13808" status="PASS">
          <reporter-output>
          </reporter-output>
        </test-method> <!-- basicTest -->
        <test-method is-config="true" signature="tearDown()[pri:0, instance:com.lambdatest.TestNGTodo2@217ed35e]" started-at="2026-03-21T22:51:14 IST" name="tearDown" finished-at="2026-03-21T22:51:16 IST" duration-ms="1685" status="PASS">
          <reporter-output>
          </reporter-output>
        </test-method> <!-- tearDown -->
      </class> <!-- com.lambdatest.TestNGTodo2 -->
    </test> <!-- Test -->
  </suite> <!-- Suite -->
</testng-results>
